<?xml version="1.0" encoding="UTF-8"?>
<testsuite xmlns:xsi="http://www.w3.org/2001/XMLSchema-instance" xsi:noNamespaceSchemaLocation="https://maven.apache.org/surefire/maven-surefire-plugin/xsd/surefire-test-report-3.0.xsd" version="3.0" name="com.iot.service.processing.TemperatureProcessingStrategyTest" time="0.004" tests="1" errors="0" skipped="0" failures="0">
  <properties>
[...]
</properties>
  <testcase name="supports_and_process_work" classname="com.iot.service.processing.TemperatureProcessingStrategyTest" time="0.003">
    <system-out><![CDATA[2025-10-26 13:22:46 [main] INFO  c.i.s.p.TemperatureProcessingStrategy - Processing temperature 25.0 for device dev-1
]]></system-out>
  </testcase>
</testsuite>